<?xml version="1.0" encoding="UTF-8"?>
<testng-results skipped="0" failed="0" total="161" passed="161">
  <reporter-output>
  </reporter-output>
  <suite name="service" duration-ms="10294" started-at="2017-05-08T20:31:25Z" finished-at="2017-05-08T20:31:35Z">
    <groups>
    </groups>
    <test name="Surefire test" duration-ms="10294" started-at="2017-05-08T20:31:25Z" finished-at="2017-05-08T20:31:35Z">
      <class name="org.b3log.solo.service.OptionQueryServiceTestCase">
        <test-method status="PASS" signature="beforeClass()" name="beforeClass" is-config="true" duration-ms="19" started-at="2017-05-08T20:31:35Z" finished-at="2017-05-08T20:31:35Z">
        </test-method>
        <test-method status="PASS" signature="get()" name="get" duration-ms="0" started-at="2017-05-08T20:31:35Z" finished-at="2017-05-08T20:31:35Z">
        </test-method>
      </class>
      <class name="org.b3log.solo.service.TagQueryServiceTestCase">
        <test-method status="PASS" signature="beforeClass()" name="beforeClass" is-config="true" duration-ms="18" started-at="2017-05-08T20:31:34Z" finished-at="2017-05-08T20:31:34Z">
        </test-method>
        <test-method status="PASS" signature="init()" name="init" duration-ms="493" started-at="2017-05-08T20:31:34Z" finished-at="2017-05-08T20:31:35Z">
        </test-method>
        <test-method status="PASS" signature="getTagByTitle()" name="getTagByTitle" duration-ms="0" started-at="2017-05-08T20:31:35Z" depends-on-methods="org.b3log.solo.service.TagQueryServiceTestCase.init" finished-at="2017-05-08T20:31:35Z">
        </test-method>
        <test-method status="PASS" signature="getTags()" name="getTags" duration-ms="0" started-at="2017-05-08T20:31:35Z" depends-on-methods="org.b3log.solo.service.TagQueryServiceTestCase.init" finished-at="2017-05-08T20:31:35Z">
        </test-method>
      </class>
      <class name="org.b3log.solo.service.LinkMgmtServiceTestCase">
        <test-method status="PASS" signature="beforeClass()" name="beforeClass" is-config="true" duration-ms="19" started-at="2017-05-08T20:31:30Z" finished-at="2017-05-08T20:31:30Z">
        </test-method>
        <test-method status="PASS" signature="init()" name="init" duration-ms="498" started-at="2017-05-08T20:31:30Z" finished-at="2017-05-08T20:31:31Z">
        </test-method>
        <test-method status="PASS" signature="addLink()" name="addLink" duration-ms="55" started-at="2017-05-08T20:31:31Z" depends-on-methods="org.b3log.solo.service.LinkMgmtServiceTestCase.init" finished-at="2017-05-08T20:31:31Z">
        </test-method>
        <test-method status="PASS" signature="changeOrder()" name="changeOrder" duration-ms="55" started-at="2017-05-08T20:31:31Z" depends-on-methods="org.b3log.solo.service.LinkMgmtServiceTestCase.addLink" finished-at="2017-05-08T20:31:31Z">
        </test-method>
        <test-method status="PASS" signature="removeLink()" name="removeLink" duration-ms="55" started-at="2017-05-08T20:31:31Z" depends-on-methods="org.b3log.solo.service.LinkMgmtServiceTestCase.init" finished-at="2017-05-08T20:31:31Z">
        </test-method>
        <test-method status="PASS" signature="updateLink()" name="updateLink" duration-ms="53" started-at="2017-05-08T20:31:31Z" depends-on-methods="org.b3log.solo.service.LinkMgmtServiceTestCase.init" finished-at="2017-05-08T20:31:31Z">
        </test-method>
      </class>
      <class name="org.b3log.solo.service.UserMgmtServiceTestCase">
        <test-method status="PASS" signature="beforeClass()" name="beforeClass" is-config="true" duration-ms="28" started-at="2017-05-08T20:31:35Z" finished-at="2017-05-08T20:31:35Z">
        </test-method>
        <test-method status="PASS" signature="addUser()" name="addUser" duration-ms="55" started-at="2017-05-08T20:31:35Z" finished-at="2017-05-08T20:31:35Z">
        </test-method>
        <test-method status="PASS" signature="removeUser()" name="removeUser" duration-ms="1" started-at="2017-05-08T20:31:35Z" depends-on-methods="org.b3log.solo.service.UserMgmtServiceTestCase.addUser" finished-at="2017-05-08T20:31:35Z">
        </test-method>
        <test-method status="PASS" signature="updateUser()" name="updateUser" duration-ms="57" started-at="2017-05-08T20:31:35Z" depends-on-methods="org.b3log.solo.service.UserMgmtServiceTestCase.addUser" finished-at="2017-05-08T20:31:35Z">
        </test-method>
      </class>
      <class name="org.b3log.solo.service.CommentQueryServiceTestCase">
        <test-method status="PASS" signature="beforeClass()" name="beforeClass" is-config="true" duration-ms="18" started-at="2017-05-08T20:31:30Z" finished-at="2017-05-08T20:31:30Z">
        </test-method>
        <test-method status="PASS" signature="init()" name="init" duration-ms="496" started-at="2017-05-08T20:31:30Z" finished-at="2017-05-08T20:31:30Z">
        </test-method>
        <test-method status="PASS" signature="getComments()" name="getComments" duration-ms="3" started-at="2017-05-08T20:31:30Z" depends-on-methods="org.b3log.solo.service.CommentQueryServiceTestCase.init" finished-at="2017-05-08T20:31:30Z">
        </test-method>
        <test-method status="PASS" signature="getCommentsOnId()" name="getCommentsOnId" duration-ms="3" started-at="2017-05-08T20:31:30Z" depends-on-methods="org.b3log.solo.service.CommentQueryServiceTestCase.init" finished-at="2017-05-08T20:31:30Z">
        </test-method>
      </class>
      <class name="org.b3log.solo.service.CategoryMgmtServiceTestCase">
        <test-method status="PASS" signature="beforeClass()" name="beforeClass" is-config="true" duration-ms="22" started-at="2017-05-08T20:31:27Z" finished-at="2017-05-08T20:31:27Z">
        </test-method>
        <test-method status="PASS" signature="init()" name="init" duration-ms="503" started-at="2017-05-08T20:31:27Z" finished-at="2017-05-08T20:31:28Z">
        </test-method>
        <test-method status="PASS" signature="addCategory()" name="addCategory" duration-ms="53" started-at="2017-05-08T20:31:28Z" depends-on-methods="org.b3log.solo.service.CategoryMgmtServiceTestCase.init" finished-at="2017-05-08T20:31:28Z">
        </test-method>
        <test-method status="PASS" signature="changeOrder()" name="changeOrder" duration-ms="54" started-at="2017-05-08T20:31:28Z" depends-on-methods="org.b3log.solo.service.CategoryMgmtServiceTestCase.addCategory" finished-at="2017-05-08T20:31:28Z">
        </test-method>
        <test-method status="PASS" signature="removeCategory()" name="removeCategory" duration-ms="53" started-at="2017-05-08T20:31:28Z" depends-on-methods="org.b3log.solo.service.CategoryMgmtServiceTestCase.init" finished-at="2017-05-08T20:31:28Z">
        </test-method>
        <test-method status="PASS" signature="updateCategory()" name="updateCategory" duration-ms="54" started-at="2017-05-08T20:31:28Z" depends-on-methods="org.b3log.solo.service.CategoryMgmtServiceTestCase.init" finished-at="2017-05-08T20:31:28Z">
        </test-method>
      </class>
      <class name="org.b3log.solo.service.CategoryQueryServiceTestCase">
        <test-method status="PASS" signature="beforeClass()" name="beforeClass" is-config="true" duration-ms="20" started-at="2017-05-08T20:31:28Z" finished-at="2017-05-08T20:31:28Z">
        </test-method>
        <test-method status="PASS" signature="init()" name="init" duration-ms="498" started-at="2017-05-08T20:31:28Z" finished-at="2017-05-08T20:31:29Z">
        </test-method>
        <test-method status="PASS" signature="addCategory()" name="addCategory" duration-ms="56" started-at="2017-05-08T20:31:29Z" depends-on-methods="org.b3log.solo.service.CategoryQueryServiceTestCase.init" finished-at="2017-05-08T20:31:29Z">
        </test-method>
        <test-method status="PASS" signature="getCategories()" name="getCategories" duration-ms="1" started-at="2017-05-08T20:31:29Z" depends-on-methods="org.b3log.solo.service.CategoryQueryServiceTestCase.addCategory" finished-at="2017-05-08T20:31:29Z">
        </test-method>
      </class>
      <class name="org.b3log.solo.service.UserQueryServiceTestCase">
        <test-method status="PASS" signature="beforeClass()" name="beforeClass" is-config="true" duration-ms="19" started-at="2017-05-08T20:31:35Z" finished-at="2017-05-08T20:31:35Z">
        </test-method>
        <test-method status="PASS" signature="addUser()" name="addUser" duration-ms="54" started-at="2017-05-08T20:31:35Z" finished-at="2017-05-08T20:31:35Z">
        </test-method>
        <test-method status="PASS" signature="getUser()" name="getUser" duration-ms="1" started-at="2017-05-08T20:31:35Z" depends-on-methods="org.b3log.solo.service.UserQueryServiceTestCase.addUser" finished-at="2017-05-08T20:31:35Z">
        </test-method>
        <test-method status="PASS" signature="getUsers()" name="getUsers" duration-ms="1" started-at="2017-05-08T20:31:35Z" depends-on-methods="org.b3log.solo.service.UserQueryServiceTestCase.addUser" finished-at="2017-05-08T20:31:35Z">
        </test-method>
        <test-method status="PASS" signature="getUserByEmail()" name="getUserByEmail" duration-ms="0" started-at="2017-05-08T20:31:35Z" depends-on-methods="org.b3log.solo.service.UserQueryServiceTestCase.addUser" finished-at="2017-05-08T20:31:35Z">
        </test-method>
        <test-method status="PASS" signature="getLoginURL()" name="getLoginURL" duration-ms="1" started-at="2017-05-08T20:31:35Z" finished-at="2017-05-08T20:31:35Z">
        </test-method>
        <test-method status="PASS" signature="getLogoutURL()" name="getLogoutURL" duration-ms="0" started-at="2017-05-08T20:31:35Z" finished-at="2017-05-08T20:31:35Z">
        </test-method>
      </class>
      <class name="org.b3log.solo.service.ArticleMgmtServiceTestCase">
        <test-method status="PASS" signature="beforeClass()" name="beforeClass" is-config="true" duration-ms="20" started-at="2017-05-08T20:31:25Z" finished-at="2017-05-08T20:31:25Z">
        </test-method>
        <test-method status="PASS" signature="init()" name="init" duration-ms="500" started-at="2017-05-08T20:31:25Z" finished-at="2017-05-08T20:31:25Z">
        </test-method>
        <test-method status="PASS" signature="addArticle()" name="addArticle" duration-ms="439" started-at="2017-05-08T20:31:25Z" depends-on-methods="org.b3log.solo.service.ArticleMgmtServiceTestCase.init" finished-at="2017-05-08T20:31:26Z">
        </test-method>
        <test-method status="PASS" signature="addArticleWithoutPermalink()" name="addArticleWithoutPermalink" duration-ms="272" started-at="2017-05-08T20:31:26Z" depends-on-methods="org.b3log.solo.service.ArticleMgmtServiceTestCase.init" finished-at="2017-05-08T20:31:26Z">
        </test-method>
        <test-method status="PASS" signature="cancelPublishArticle()" name="cancelPublishArticle" duration-ms="274" started-at="2017-05-08T20:31:26Z" depends-on-methods="org.b3log.solo.service.ArticleMgmtServiceTestCase.init" finished-at="2017-05-08T20:31:26Z">
        </test-method>
        <test-method status="PASS" signature="removeArticle()" name="removeArticle" duration-ms="282" started-at="2017-05-08T20:31:26Z" depends-on-methods="org.b3log.solo.service.ArticleMgmtServiceTestCase.init" finished-at="2017-05-08T20:31:27Z">
        </test-method>
        <test-method status="PASS" signature="topArticle()" name="topArticle" duration-ms="2" started-at="2017-05-08T20:31:27Z" depends-on-methods="org.b3log.solo.service.ArticleMgmtServiceTestCase.addArticle" finished-at="2017-05-08T20:31:27Z">
        </test-method>
        <test-method status="PASS" signature="updateArticle()" name="updateArticle" duration-ms="277" started-at="2017-05-08T20:31:27Z" depends-on-methods="org.b3log.solo.service.ArticleMgmtServiceTestCase.init" finished-at="2017-05-08T20:31:27Z">
        </test-method>
        <test-method status="PASS" signature="updateArticlesRandomValue()" name="updateArticlesRandomValue" duration-ms="3" started-at="2017-05-08T20:31:27Z" depends-on-methods="org.b3log.solo.service.ArticleMgmtServiceTestCase.addArticle" finished-at="2017-05-08T20:31:27Z">
        </test-method>
      </class>
      <class name="org.b3log.solo.service.ArticleQueryServiceTestCase">
        <test-method status="PASS" signature="beforeClass()" name="beforeClass" is-config="true" duration-ms="20" started-at="2017-05-08T20:31:27Z" finished-at="2017-05-08T20:31:27Z">
        </test-method>
        <test-method status="PASS" signature="init()" name="init" duration-ms="485" started-at="2017-05-08T20:31:27Z" finished-at="2017-05-08T20:31:27Z">
        </test-method>
        <test-method status="PASS" signature="getArticlesByArchiveDate()" name="getArticlesByArchiveDate" duration-ms="1" started-at="2017-05-08T20:31:27Z" depends-on-methods="org.b3log.solo.service.ArticleQueryServiceTestCase.init" finished-at="2017-05-08T20:31:27Z">
        </test-method>
        <test-method status="PASS" signature="getArticlesByTag()" name="getArticlesByTag" duration-ms="1" started-at="2017-05-08T20:31:27Z" depends-on-methods="org.b3log.solo.service.ArticleQueryServiceTestCase.init" finished-at="2017-05-08T20:31:27Z">
        </test-method>
        <test-method status="PASS" signature="getRecentArticles()" name="getRecentArticles" duration-ms="1" started-at="2017-05-08T20:31:27Z" depends-on-methods="org.b3log.solo.service.ArticleQueryServiceTestCase.init" finished-at="2017-05-08T20:31:27Z">
        </test-method>
        <test-method status="PASS" signature="getArticle()" name="getArticle" duration-ms="2" started-at="2017-05-08T20:31:27Z" depends-on-methods="org.b3log.solo.service.ArticleQueryServiceTestCase.getRecentArticles" finished-at="2017-05-08T20:31:27Z">
        </test-method>
        <test-method status="PASS" signature="getArticleContent()" name="getArticleContent" duration-ms="13" started-at="2017-05-08T20:31:27Z" depends-on-methods="org.b3log.solo.service.ArticleQueryServiceTestCase.getRecentArticles" finished-at="2017-05-08T20:31:27Z">
        </test-method>
        <test-method status="PASS" signature="getArticleById()" name="getArticleById" duration-ms="0" started-at="2017-05-08T20:31:27Z" depends-on-methods="org.b3log.solo.service.ArticleQueryServiceTestCase.getRecentArticles" finished-at="2017-05-08T20:31:27Z">
        </test-method>
      </class>
      <class name="org.b3log.solo.service.PageQueryServiceTestCase">
        <test-method status="PASS" signature="beforeClass()" name="beforeClass" is-config="true" duration-ms="20" started-at="2017-05-08T20:31:32Z" finished-at="2017-05-08T20:31:32Z">
        </test-method>
        <test-method status="PASS" signature="init()" name="init" duration-ms="492" started-at="2017-05-08T20:31:32Z" finished-at="2017-05-08T20:31:33Z">
        </test-method>
        <test-method status="PASS" signature="addPage()" name="addPage" duration-ms="52" started-at="2017-05-08T20:31:33Z" depends-on-methods="org.b3log.solo.service.PageQueryServiceTestCase.init" finished-at="2017-05-08T20:31:33Z">
        </test-method>
        <test-method status="PASS" signature="getPages()" name="getPages" duration-ms="0" started-at="2017-05-08T20:31:33Z" depends-on-methods="org.b3log.solo.service.PageQueryServiceTestCase.addPage" finished-at="2017-05-08T20:31:33Z">
        </test-method>
      </class>
      <class name="org.b3log.solo.service.OptionMgmtServiceTestCase">
        <test-method status="PASS" signature="beforeClass()" name="beforeClass" is-config="true" duration-ms="18" started-at="2017-05-08T20:31:35Z" finished-at="2017-05-08T20:31:35Z">
        </test-method>
        <test-method status="PASS" signature="add()" name="add" duration-ms="1" started-at="2017-05-08T20:31:35Z" finished-at="2017-05-08T20:31:35Z">
        </test-method>
        <test-method status="PASS" signature="remove()" name="remove" duration-ms="1" started-at="2017-05-08T20:31:35Z" finished-at="2017-05-08T20:31:35Z">
        </test-method>
        <test-method status="PASS" signature="update()" name="update" duration-ms="0" started-at="2017-05-08T20:31:35Z" finished-at="2017-05-08T20:31:35Z">
        </test-method>
      </class>
      <class name="org.b3log.solo.service.PageMgmtServiceTestCase">
        <test-method status="PASS" signature="beforeClass()" name="beforeClass" is-config="true" duration-ms="19" started-at="2017-05-08T20:31:32Z" finished-at="2017-05-08T20:31:32Z">
        </test-method>
        <test-method status="PASS" signature="init()" name="init" duration-ms="488" started-at="2017-05-08T20:31:32Z" finished-at="2017-05-08T20:31:32Z">
        </test-method>
        <test-method status="PASS" signature="addPage()" name="addPage" duration-ms="54" started-at="2017-05-08T20:31:32Z" depends-on-methods="org.b3log.solo.service.PageMgmtServiceTestCase.init" finished-at="2017-05-08T20:31:32Z">
        </test-method>
        <test-method status="PASS" signature="changeOrder()" name="changeOrder" duration-ms="58" started-at="2017-05-08T20:31:32Z" depends-on-methods="org.b3log.solo.service.PageMgmtServiceTestCase.addPage" finished-at="2017-05-08T20:31:32Z">
        </test-method>
        <test-method status="PASS" signature="removePage()" name="removePage" duration-ms="56" started-at="2017-05-08T20:31:32Z" depends-on-methods="org.b3log.solo.service.PageMgmtServiceTestCase.init" finished-at="2017-05-08T20:31:32Z">
        </test-method>
        <test-method status="PASS" signature="updatePage()" name="updatePage" duration-ms="58" started-at="2017-05-08T20:31:32Z" depends-on-methods="org.b3log.solo.service.PageMgmtServiceTestCase.init" finished-at="2017-05-08T20:31:32Z">
        </test-method>
      </class>
      <class name="org.b3log.solo.service.TagMgmtServiceTestCase">
        <test-method status="PASS" signature="beforeClass()" name="beforeClass" is-config="true" duration-ms="19" started-at="2017-05-08T20:31:34Z" finished-at="2017-05-08T20:31:34Z">
        </test-method>
        <test-method status="PASS" signature="init()" name="init" duration-ms="496" started-at="2017-05-08T20:31:34Z" finished-at="2017-05-08T20:31:34Z">
        </test-method>
        <test-method status="PASS" signature="removeUnusedTags()" name="removeUnusedTags" duration-ms="0" started-at="2017-05-08T20:31:34Z" depends-on-methods="org.b3log.solo.service.TagMgmtServiceTestCase.init" finished-at="2017-05-08T20:31:34Z">
        </test-method>
      </class>
      <class name="org.b3log.solo.service.CommentMgmtServiceTestCase">
        <test-method status="PASS" signature="beforeClass()" name="beforeClass" is-config="true" duration-ms="19" started-at="2017-05-08T20:31:29Z" finished-at="2017-05-08T20:31:29Z">
        </test-method>
        <test-method status="PASS" signature="init()" name="init" duration-ms="497" started-at="2017-05-08T20:31:29Z" finished-at="2017-05-08T20:31:29Z">
        </test-method>
        <test-method status="PASS" signature="addArticleComment()" name="addArticleComment" duration-ms="191" started-at="2017-05-08T20:31:29Z" depends-on-methods="org.b3log.solo.service.CommentMgmtServiceTestCase.init" finished-at="2017-05-08T20:31:29Z">
        </test-method>
        <test-method status="PASS" signature="addPageComment()" name="addPageComment" duration-ms="229" started-at="2017-05-08T20:31:29Z" depends-on-methods="org.b3log.solo.service.CommentMgmtServiceTestCase.addArticleComment" finished-at="2017-05-08T20:31:30Z">
        </test-method>
      </class>
      <class name="org.b3log.solo.service.LinkQueryServiceTestCase">
        <test-method status="PASS" signature="beforeClass()" name="beforeClass" is-config="true" duration-ms="27" started-at="2017-05-08T20:31:31Z" finished-at="2017-05-08T20:31:31Z">
        </test-method>
        <test-method status="PASS" signature="init()" name="init" duration-ms="488" started-at="2017-05-08T20:31:31Z" finished-at="2017-05-08T20:31:31Z">
        </test-method>
        <test-method status="PASS" signature="addLink()" name="addLink" duration-ms="51" started-at="2017-05-08T20:31:31Z" depends-on-methods="org.b3log.solo.service.LinkQueryServiceTestCase.init" finished-at="2017-05-08T20:31:32Z">
        </test-method>
        <test-method status="PASS" signature="getLinks()" name="getLinks" duration-ms="0" started-at="2017-05-08T20:31:32Z" depends-on-methods="org.b3log.solo.service.LinkQueryServiceTestCase.addLink" finished-at="2017-05-08T20:31:32Z">
        </test-method>
      </class>
      <class name="org.b3log.solo.service.PreferenceMgmtServiceTestCase">
        <test-method status="PASS" signature="beforeClass()" name="beforeClass" is-config="true" duration-ms="19" started-at="2017-05-08T20:31:33Z" finished-at="2017-05-08T20:31:33Z">
        </test-method>
        <test-method status="PASS" signature="init()" name="init" duration-ms="491" started-at="2017-05-08T20:31:33Z" finished-at="2017-05-08T20:31:33Z">
        </test-method>
        <test-method status="PASS" signature="updatePreference()" name="updatePreference" duration-ms="5" started-at="2017-05-08T20:31:33Z" depends-on-methods="org.b3log.solo.service.PreferenceMgmtServiceTestCase.init" finished-at="2017-05-08T20:31:33Z">
        </test-method>
        <test-method status="PASS" signature="updateReplyNotificationTemplate()" name="updateReplyNotificationTemplate" duration-ms="1" started-at="2017-05-08T20:31:33Z" depends-on-methods="org.b3log.solo.service.PreferenceMgmtServiceTestCase.init" finished-at="2017-05-08T20:31:33Z">
        </test-method>
      </class>
      <class name="org.b3log.solo.service.PreferenceQueryServiceTestCase">
        <test-method status="PASS" signature="beforeClass()" name="beforeClass" is-config="true" duration-ms="18" started-at="2017-05-08T20:31:33Z" finished-at="2017-05-08T20:31:33Z">
        </test-method>
        <test-method status="PASS" signature="init()" name="init" duration-ms="496" started-at="2017-05-08T20:31:33Z" finished-at="2017-05-08T20:31:34Z">
        </test-method>
        <test-method status="PASS" signature="getPreference()" name="getPreference" duration-ms="1" started-at="2017-05-08T20:31:34Z" depends-on-methods="org.b3log.solo.service.PreferenceQueryServiceTestCase.init" finished-at="2017-05-08T20:31:34Z">
        </test-method>
        <test-method status="PASS" signature="getReplyNotificationTemplate()" name="getReplyNotificationTemplate" duration-ms="0" started-at="2017-05-08T20:31:34Z" depends-on-methods="org.b3log.solo.service.PreferenceQueryServiceTestCase.init" finished-at="2017-05-08T20:31:34Z">
        </test-method>
      </class>
    </test>
  </suite>
  <suite name="processor" duration-ms="9459" started-at="2017-05-08T20:31:13Z" finished-at="2017-05-08T20:31:23Z">
    <groups>
    </groups>
    <test name="Surefire test" duration-ms="9459" started-at="2017-05-08T20:31:13Z" finished-at="2017-05-08T20:31:23Z">
      <class name="org.b3log.solo.processor.CaptchaProcessorTestCase">
        <test-method status="PASS" signature="beforeClass()" name="beforeClass" is-config="true" duration-ms="39" started-at="2017-05-08T20:31:15Z" finished-at="2017-05-08T20:31:15Z">
        </test-method>
        <test-method status="PASS" signature="init()" name="init" duration-ms="510" started-at="2017-05-08T20:31:15Z" finished-at="2017-05-08T20:31:15Z">
        </test-method>
        <test-method status="PASS" signature="get()" name="get" duration-ms="11" started-at="2017-05-08T20:31:15Z" depends-on-methods="org.b3log.solo.processor.CaptchaProcessorTestCase.init" finished-at="2017-05-08T20:31:15Z">
        </test-method>
      </class>
      <class name="org.b3log.solo.processor.TagProcessorTestCase">
        <test-method status="PASS" signature="beforeClass()" name="beforeClass" is-config="true" duration-ms="23" started-at="2017-05-08T20:31:21Z" finished-at="2017-05-08T20:31:21Z">
        </test-method>
        <test-method status="PASS" signature="init()" name="init" duration-ms="498" started-at="2017-05-08T20:31:21Z" finished-at="2017-05-08T20:31:22Z">
        </test-method>
        <test-method status="PASS" signature="showTagArticles()" name="showTagArticles" duration-ms="26" started-at="2017-05-08T20:31:22Z" depends-on-methods="org.b3log.solo.processor.TagProcessorTestCase.init" finished-at="2017-05-08T20:31:22Z">
        </test-method>
      </class>
      <class name="org.b3log.solo.processor.IndexProcessorTestCase">
        <test-method status="PASS" signature="beforeClass()" name="beforeClass" is-config="true" duration-ms="25" started-at="2017-05-08T20:31:18Z" finished-at="2017-05-08T20:31:18Z">
        </test-method>
        <test-method status="PASS" signature="init()" name="init" duration-ms="505" started-at="2017-05-08T20:31:18Z" finished-at="2017-05-08T20:31:19Z">
        </test-method>
        <test-method status="PASS" signature="register()" name="register" duration-ms="9" started-at="2017-05-08T20:31:19Z" depends-on-methods="org.b3log.solo.processor.IndexProcessorTestCase.init" finished-at="2017-05-08T20:31:19Z">
        </test-method>
        <test-method status="PASS" signature="showIndex()" name="showIndex" duration-ms="34" started-at="2017-05-08T20:31:19Z" depends-on-methods="org.b3log.solo.processor.IndexProcessorTestCase.init" finished-at="2017-05-08T20:31:19Z">
        </test-method>
        <test-method status="PASS" signature="showKillBrowser()" name="showKillBrowser" duration-ms="7" started-at="2017-05-08T20:31:19Z" depends-on-methods="org.b3log.solo.processor.IndexProcessorTestCase.init" finished-at="2017-05-08T20:31:19Z">
        </test-method>
      </class>
      <class name="org.b3log.solo.processor.console.CategoryConsoleTestCase">
        <test-method status="PASS" signature="beforeClass()" name="beforeClass" is-config="true" duration-ms="22" started-at="2017-05-08T20:31:22Z" finished-at="2017-05-08T20:31:22Z">
        </test-method>
        <test-method status="PASS" signature="init()" name="init" duration-ms="501" started-at="2017-05-08T20:31:22Z" finished-at="2017-05-08T20:31:22Z">
        </test-method>
        <test-method status="PASS" signature="addCategory()" name="addCategory" duration-ms="112" started-at="2017-05-08T20:31:22Z" depends-on-methods="org.b3log.solo.processor.console.CategoryConsoleTestCase.init" finished-at="2017-05-08T20:31:22Z">
        </test-method>
        <test-method status="PASS" signature="updateCategory()" name="updateCategory" duration-ms="58" started-at="2017-05-08T20:31:22Z" depends-on-methods="org.b3log.solo.processor.console.CategoryConsoleTestCase.addCategory" finished-at="2017-05-08T20:31:23Z">
        </test-method>
      </class>
      <class name="org.b3log.solo.processor.InitProcessorTestCase">
        <test-method status="PASS" signature="beforeClass()" name="beforeClass" is-config="true" duration-ms="38" started-at="2017-05-08T20:31:19Z" finished-at="2017-05-08T20:31:19Z">
        </test-method>
        <test-method status="PASS" signature="showInit()" name="showInit" duration-ms="10" started-at="2017-05-08T20:31:19Z" finished-at="2017-05-08T20:31:19Z">
        </test-method>
        <test-method status="PASS" signature="initSolo()" name="initSolo" duration-ms="491" started-at="2017-05-08T20:31:19Z" depends-on-methods="org.b3log.solo.processor.InitProcessorTestCase.showInit" finished-at="2017-05-08T20:31:19Z">
        </test-method>
      </class>
      <class name="org.b3log.solo.processor.LoginProcessorTestCase">
        <test-method status="PASS" signature="beforeClass()" name="beforeClass" is-config="true" duration-ms="27" started-at="2017-05-08T20:31:19Z" finished-at="2017-05-08T20:31:19Z">
        </test-method>
        <test-method status="PASS" signature="init()" name="init" duration-ms="501" started-at="2017-05-08T20:31:19Z" finished-at="2017-05-08T20:31:20Z">
        </test-method>
        <test-method status="PASS" signature="forgot()" name="forgot" duration-ms="5" started-at="2017-05-08T20:31:20Z" depends-on-methods="org.b3log.solo.processor.LoginProcessorTestCase.init" finished-at="2017-05-08T20:31:20Z">
        </test-method>
        <test-method status="PASS" signature="login()" name="login" duration-ms="2" started-at="2017-05-08T20:31:20Z" depends-on-methods="org.b3log.solo.processor.LoginProcessorTestCase.init" finished-at="2017-05-08T20:31:20Z">
        </test-method>
        <test-method status="PASS" signature="logout()" name="logout" duration-ms="7" started-at="2017-05-08T20:31:20Z" depends-on-methods="org.b3log.solo.processor.LoginProcessorTestCase.init" finished-at="2017-05-08T20:31:20Z">
        </test-method>
        <test-method status="PASS" signature="showForgot()" name="showForgot" duration-ms="6" started-at="2017-05-08T20:31:20Z" depends-on-methods="org.b3log.solo.processor.LoginProcessorTestCase.init" finished-at="2017-05-08T20:31:20Z">
        </test-method>
        <test-method status="PASS" signature="showLogin()" name="showLogin" duration-ms="5" started-at="2017-05-08T20:31:20Z" depends-on-methods="org.b3log.solo.processor.LoginProcessorTestCase.init" finished-at="2017-05-08T20:31:20Z">
        </test-method>
      </class>
      <class name="org.b3log.solo.processor.ErrorProcessorTestCase">
        <test-method status="PASS" signature="beforeClass()" name="beforeClass" is-config="true" duration-ms="32" started-at="2017-05-08T20:31:17Z" finished-at="2017-05-08T20:31:17Z">
        </test-method>
        <test-method status="PASS" signature="init()" name="init" duration-ms="502" started-at="2017-05-08T20:31:17Z" finished-at="2017-05-08T20:31:17Z">
        </test-method>
        <test-method status="PASS" signature="showErrorPage()" name="showErrorPage" duration-ms="8" started-at="2017-05-08T20:31:17Z" depends-on-methods="org.b3log.solo.processor.ErrorProcessorTestCase.init" finished-at="2017-05-08T20:31:17Z">
        </test-method>
      </class>
      <class name="org.b3log.solo.processor.CommentProcessorTestCase">
        <test-method status="PASS" signature="beforeClass()" name="beforeClass" is-config="true" duration-ms="28" started-at="2017-05-08T20:31:15Z" finished-at="2017-05-08T20:31:15Z">
        </test-method>
        <test-method status="PASS" signature="init()" name="init" duration-ms="503" started-at="2017-05-08T20:31:15Z" finished-at="2017-05-08T20:31:16Z">
        </test-method>
        <test-method status="PASS" signature="addArticleComment()" name="addArticleComment" duration-ms="754" started-at="2017-05-08T20:31:16Z" depends-on-methods="org.b3log.solo.processor.CommentProcessorTestCase.init" finished-at="2017-05-08T20:31:17Z">
        </test-method>
        <test-method status="PASS" signature="addPageComment()" name="addPageComment" duration-ms="236" started-at="2017-05-08T20:31:17Z" depends-on-methods="org.b3log.solo.processor.CommentProcessorTestCase.init" finished-at="2017-05-08T20:31:17Z">
        </test-method>
      </class>
      <class name="org.b3log.solo.processor.SitemapProcessorTestCase">
        <test-method status="PASS" signature="beforeClass()" name="beforeClass" is-config="true" duration-ms="38" started-at="2017-05-08T20:31:20Z" finished-at="2017-05-08T20:31:20Z">
        </test-method>
        <test-method status="PASS" signature="init()" name="init" duration-ms="492" started-at="2017-05-08T20:31:20Z" finished-at="2017-05-08T20:31:21Z">
        </test-method>
        <test-method status="PASS" signature="blogArticlesAtom()" name="blogArticlesAtom" duration-ms="4" started-at="2017-05-08T20:31:21Z" depends-on-methods="org.b3log.solo.processor.SitemapProcessorTestCase.init" finished-at="2017-05-08T20:31:21Z">
        </test-method>
      </class>
      <class name="org.b3log.solo.processor.ArticleProcessorTestCase">
        <test-method status="PASS" signature="beforeClass()" name="beforeClass" is-config="true" duration-ms="57" started-at="2017-05-08T20:31:13Z" finished-at="2017-05-08T20:31:13Z">
        </test-method>
        <test-method status="PASS" signature="init()" name="init" duration-ms="512" started-at="2017-05-08T20:31:13Z" finished-at="2017-05-08T20:31:14Z">
        </test-method>
        <test-method status="PASS" signature="getArchivesArticlesByPage()" name="getArchivesArticlesByPage" duration-ms="206" started-at="2017-05-08T20:31:14Z" depends-on-methods="org.b3log.solo.processor.ArticleProcessorTestCase.init" finished-at="2017-05-08T20:31:14Z">
        </test-method>
        <test-method status="PASS" signature="getArticleContent()" name="getArticleContent" duration-ms="11" started-at="2017-05-08T20:31:14Z" depends-on-methods="org.b3log.solo.processor.ArticleProcessorTestCase.init" finished-at="2017-05-08T20:31:14Z">
        </test-method>
        <test-method status="PASS" signature="getArticlesByPage()" name="getArticlesByPage" duration-ms="18" started-at="2017-05-08T20:31:14Z" depends-on-methods="org.b3log.solo.processor.ArticleProcessorTestCase.init" finished-at="2017-05-08T20:31:14Z">
        </test-method>
        <test-method status="PASS" signature="getAuthorsArticlesByPage()" name="getAuthorsArticlesByPage" duration-ms="18" started-at="2017-05-08T20:31:14Z" depends-on-methods="org.b3log.solo.processor.ArticleProcessorTestCase.init" finished-at="2017-05-08T20:31:14Z">
        </test-method>
        <test-method status="PASS" signature="getRandomArticles()" name="getRandomArticles" duration-ms="6" started-at="2017-05-08T20:31:14Z" depends-on-methods="org.b3log.solo.processor.ArticleProcessorTestCase.init" finished-at="2017-05-08T20:31:14Z">
        </test-method>
        <test-method status="PASS" signature="getRelevantArticles()" name="getRelevantArticles" duration-ms="4" started-at="2017-05-08T20:31:14Z" depends-on-methods="org.b3log.solo.processor.ArticleProcessorTestCase.init" finished-at="2017-05-08T20:31:14Z">
        </test-method>
        <test-method status="PASS" signature="getTagArticlesByPage()" name="getTagArticlesByPage" duration-ms="14" started-at="2017-05-08T20:31:14Z" depends-on-methods="org.b3log.solo.processor.ArticleProcessorTestCase.init" finished-at="2017-05-08T20:31:14Z">
        </test-method>
        <test-method status="PASS" signature="showArchiveArticles()" name="showArchiveArticles" duration-ms="196" started-at="2017-05-08T20:31:14Z" depends-on-methods="org.b3log.solo.processor.ArticleProcessorTestCase.init" finished-at="2017-05-08T20:31:14Z">
        </test-method>
        <test-method status="PASS" signature="showArticle()" name="showArticle" duration-ms="83" started-at="2017-05-08T20:31:14Z" depends-on-methods="org.b3log.solo.processor.ArticleProcessorTestCase.init" finished-at="2017-05-08T20:31:14Z">
        </test-method>
        <test-method status="PASS" signature="showArticlePwdForm()" name="showArticlePwdForm" duration-ms="7" started-at="2017-05-08T20:31:14Z" depends-on-methods="org.b3log.solo.processor.ArticleProcessorTestCase.init" finished-at="2017-05-08T20:31:14Z">
        </test-method>
        <test-method status="PASS" signature="showAuthorArticles()" name="showAuthorArticles" duration-ms="21" started-at="2017-05-08T20:31:14Z" depends-on-methods="org.b3log.solo.processor.ArticleProcessorTestCase.init" finished-at="2017-05-08T20:31:14Z">
        </test-method>
      </class>
      <class name="org.b3log.solo.processor.StatProcessorTestCase">
        <test-method status="PASS" signature="beforeClass()" name="beforeClass" is-config="true" duration-ms="23" started-at="2017-05-08T20:31:21Z" finished-at="2017-05-08T20:31:21Z">
        </test-method>
        <test-method status="PASS" signature="init()" name="init" duration-ms="487" started-at="2017-05-08T20:31:21Z" finished-at="2017-05-08T20:31:21Z">
        </test-method>
        <test-method status="PASS" signature="showIndex()" name="showIndex" duration-ms="2" started-at="2017-05-08T20:31:21Z" depends-on-methods="org.b3log.solo.processor.StatProcessorTestCase.init" finished-at="2017-05-08T20:31:21Z">
        </test-method>
      </class>
      <class name="org.b3log.solo.processor.FeedProcessorTestCase">
        <test-method status="PASS" signature="beforeClass()" name="beforeClass" is-config="true" duration-ms="26" started-at="2017-05-08T20:31:17Z" finished-at="2017-05-08T20:31:17Z">
        </test-method>
        <test-method status="PASS" signature="init()" name="init" duration-ms="499" started-at="2017-05-08T20:31:17Z" finished-at="2017-05-08T20:31:18Z">
        </test-method>
        <test-method status="PASS" signature="blogArticlesAtom()" name="blogArticlesAtom" duration-ms="13" started-at="2017-05-08T20:31:18Z" depends-on-methods="org.b3log.solo.processor.FeedProcessorTestCase.init" finished-at="2017-05-08T20:31:18Z">
        </test-method>
        <test-method status="PASS" signature="blogArticlesRSS()" name="blogArticlesRSS" duration-ms="3" started-at="2017-05-08T20:31:18Z" depends-on-methods="org.b3log.solo.processor.FeedProcessorTestCase.init" finished-at="2017-05-08T20:31:18Z">
        </test-method>
        <test-method status="PASS" signature="tagArticlesAtom()" name="tagArticlesAtom" duration-ms="3" started-at="2017-05-08T20:31:18Z" depends-on-methods="org.b3log.solo.processor.FeedProcessorTestCase.init" finished-at="2017-05-08T20:31:18Z">
        </test-method>
        <test-method status="PASS" signature="tagArticlesRSS()" name="tagArticlesRSS" duration-ms="4" started-at="2017-05-08T20:31:18Z" depends-on-methods="org.b3log.solo.processor.FeedProcessorTestCase.init" finished-at="2017-05-08T20:31:18Z">
        </test-method>
      </class>
      <class name="org.b3log.solo.processor.PageProcessorTestCase">
        <test-method status="PASS" signature="beforeClass()" name="beforeClass" is-config="true" duration-ms="27" started-at="2017-05-08T20:31:20Z" finished-at="2017-05-08T20:31:20Z">
        </test-method>
        <test-method status="PASS" signature="init()" name="init" duration-ms="494" started-at="2017-05-08T20:31:20Z" finished-at="2017-05-08T20:31:20Z">
        </test-method>
        <test-method status="PASS" signature="showPage()" name="showPage" duration-ms="67" started-at="2017-05-08T20:31:20Z" depends-on-methods="org.b3log.solo.processor.PageProcessorTestCase.init" finished-at="2017-05-08T20:31:20Z">
        </test-method>
      </class>
      <class name="org.b3log.solo.processor.BlogProcessorTestCase">
        <test-method status="PASS" signature="beforeClass()" name="beforeClass" is-config="true" duration-ms="54" started-at="2017-05-08T20:31:14Z" finished-at="2017-05-08T20:31:14Z">
        </test-method>
        <test-method status="PASS" signature="init()" name="init" duration-ms="504" started-at="2017-05-08T20:31:14Z" finished-at="2017-05-08T20:31:15Z">
        </test-method>
        <test-method status="PASS" signature="getArticlesTags()" name="getArticlesTags" duration-ms="4" started-at="2017-05-08T20:31:15Z" depends-on-methods="org.b3log.solo.processor.BlogProcessorTestCase.init" finished-at="2017-05-08T20:31:15Z">
        </test-method>
        <test-method status="PASS" signature="getBlogInfo()" name="getBlogInfo" duration-ms="3" started-at="2017-05-08T20:31:15Z" depends-on-methods="org.b3log.solo.processor.BlogProcessorTestCase.init" finished-at="2017-05-08T20:31:15Z">
        </test-method>
        <test-method status="PASS" signature="getInterestTags()" name="getInterestTags" duration-ms="2" started-at="2017-05-08T20:31:15Z" depends-on-methods="org.b3log.solo.processor.BlogProcessorTestCase.init" finished-at="2017-05-08T20:31:15Z">
        </test-method>
      </class>
    </test>
  </suite>
  <suite name="repository" duration-ms="1513" started-at="2017-05-08T20:31:23Z" finished-at="2017-05-08T20:31:25Z">
    <groups>
    </groups>
    <test name="Surefire test" duration-ms="1513" started-at="2017-05-08T20:31:23Z" finished-at="2017-05-08T20:31:25Z">
      <class name="org.b3log.solo.repository.impl.PageRepositoryImplTestCase">
        <test-method status="PASS" signature="beforeClass()" name="beforeClass" is-config="true" duration-ms="21" started-at="2017-05-08T20:31:24Z" finished-at="2017-05-08T20:31:24Z">
        </test-method>
        <test-method status="PASS" signature="add()" name="add" duration-ms="56" started-at="2017-05-08T20:31:24Z" finished-at="2017-05-08T20:31:24Z">
        </test-method>
        <test-method status="PASS" signature="getByPermalink()" name="getByPermalink" duration-ms="0" started-at="2017-05-08T20:31:24Z" depends-on-methods="org.b3log.solo.repository.impl.PageRepositoryImplTestCase.add" finished-at="2017-05-08T20:31:24Z">
        </test-method>
        <test-method status="PASS" signature="getMaxOrder()" name="getMaxOrder" duration-ms="54" started-at="2017-05-08T20:31:24Z" depends-on-methods="org.b3log.solo.repository.impl.PageRepositoryImplTestCase.add" finished-at="2017-05-08T20:31:24Z">
        </test-method>
        <test-method status="PASS" signature="getByOrder()" name="getByOrder" duration-ms="1" started-at="2017-05-08T20:31:24Z" depends-on-methods="org.b3log.solo.repository.impl.PageRepositoryImplTestCase.add, org.b3log.solo.repository.impl.PageRepositoryImplTestCase.getMaxOrder" finished-at="2017-05-08T20:31:24Z">
        </test-method>
        <test-method status="PASS" signature="getUnderAndUpper()" name="getUnderAndUpper" duration-ms="56" started-at="2017-05-08T20:31:24Z" depends-on-methods="org.b3log.solo.repository.impl.PageRepositoryImplTestCase.add, org.b3log.solo.repository.impl.PageRepositoryImplTestCase.getMaxOrder" finished-at="2017-05-08T20:31:24Z">
        </test-method>
      </class>
      <class name="org.b3log.solo.repository.impl.TagRepositoryImplTestCase">
        <test-method status="PASS" signature="beforeClass()" name="beforeClass" is-config="true" duration-ms="22" started-at="2017-05-08T20:31:24Z" finished-at="2017-05-08T20:31:24Z">
        </test-method>
        <test-method status="PASS" signature="add()" name="add" duration-ms="54" started-at="2017-05-08T20:31:24Z" finished-at="2017-05-08T20:31:24Z">
        </test-method>
        <test-method status="PASS" signature="getByArticleId()" name="getByArticleId" duration-ms="53" started-at="2017-05-08T20:31:24Z" depends-on-methods="org.b3log.solo.repository.impl.TagRepositoryImplTestCase.add" finished-at="2017-05-08T20:31:24Z">
        </test-method>
        <test-method status="PASS" signature="getByTitle()" name="getByTitle" duration-ms="0" started-at="2017-05-08T20:31:24Z" depends-on-methods="org.b3log.solo.repository.impl.TagRepositoryImplTestCase.add" finished-at="2017-05-08T20:31:24Z">
        </test-method>
        <test-method status="PASS" signature="getMostUsedTags()" name="getMostUsedTags" duration-ms="53" started-at="2017-05-08T20:31:24Z" depends-on-methods="org.b3log.solo.repository.impl.TagRepositoryImplTestCase.add" finished-at="2017-05-08T20:31:24Z">
        </test-method>
      </class>
      <class name="org.b3log.solo.repository.impl.LinkRepositoryImplTestCase">
        <test-method status="PASS" signature="beforeClass()" name="beforeClass" is-config="true" duration-ms="28" started-at="2017-05-08T20:31:24Z" finished-at="2017-05-08T20:31:24Z">
        </test-method>
        <test-method status="PASS" signature="test()" name="test" duration-ms="159" started-at="2017-05-08T20:31:24Z" finished-at="2017-05-08T20:31:25Z">
        </test-method>
      </class>
      <class name="org.b3log.solo.repository.impl.TagArticleRepositoryImplTestCase">
        <test-method status="PASS" signature="beforeClass()" name="beforeClass" is-config="true" duration-ms="23" started-at="2017-05-08T20:31:24Z" finished-at="2017-05-08T20:31:24Z">
        </test-method>
        <test-method status="PASS" signature="add()" name="add" duration-ms="52" started-at="2017-05-08T20:31:24Z" finished-at="2017-05-08T20:31:24Z">
        </test-method>
        <test-method status="PASS" signature="getByArticleId()" name="getByArticleId" duration-ms="1" started-at="2017-05-08T20:31:24Z" depends-on-methods="org.b3log.solo.repository.impl.TagArticleRepositoryImplTestCase.add" finished-at="2017-05-08T20:31:24Z">
        </test-method>
        <test-method status="PASS" signature="getByTagId()" name="getByTagId" duration-ms="0" started-at="2017-05-08T20:31:24Z" depends-on-methods="org.b3log.solo.repository.impl.TagArticleRepositoryImplTestCase.add" finished-at="2017-05-08T20:31:24Z">
        </test-method>
      </class>
      <class name="org.b3log.solo.repository.impl.ArchiveDateArticleRepositoryImplTestCase">
        <test-method status="PASS" signature="beforeClass()" name="beforeClass" is-config="true" duration-ms="28" started-at="2017-05-08T20:31:23Z" finished-at="2017-05-08T20:31:23Z">
        </test-method>
        <test-method status="PASS" signature="add()" name="add" duration-ms="51" started-at="2017-05-08T20:31:23Z" finished-at="2017-05-08T20:31:23Z">
        </test-method>
        <test-method status="PASS" signature="getByArticleId()" name="getByArticleId" duration-ms="0" started-at="2017-05-08T20:31:23Z" depends-on-methods="org.b3log.solo.repository.impl.ArchiveDateArticleRepositoryImplTestCase.add" finished-at="2017-05-08T20:31:23Z">
        </test-method>
        <test-method status="PASS" signature="getByArchiveDateId()" name="getByArchiveDateId" duration-ms="0" started-at="2017-05-08T20:31:23Z" depends-on-methods="org.b3log.solo.repository.impl.ArchiveDateArticleRepositoryImplTestCase.add" finished-at="2017-05-08T20:31:23Z">
        </test-method>
      </class>
      <class name="org.b3log.solo.repository.impl.PluginRepositoryImplTestCase">
        <test-method status="PASS" signature="beforeClass()" name="beforeClass" is-config="true" duration-ms="23" started-at="2017-05-08T20:31:25Z" finished-at="2017-05-08T20:31:25Z">
        </test-method>
        <test-method status="PASS" signature="test()" name="test" duration-ms="0" started-at="2017-05-08T20:31:25Z" finished-at="2017-05-08T20:31:25Z">
        </test-method>
      </class>
      <class name="org.b3log.solo.repository.impl.ArticleRepositoryImplTestCase">
        <test-method status="PASS" signature="beforeClass()" name="beforeClass" is-config="true" duration-ms="22" started-at="2017-05-08T20:31:23Z" finished-at="2017-05-08T20:31:24Z">
        </test-method>
        <test-method status="PASS" signature="add()" name="add" duration-ms="55" started-at="2017-05-08T20:31:24Z" finished-at="2017-05-08T20:31:24Z">
        </test-method>
        <test-method status="PASS" signature="previousAndNext()" name="previousAndNext" duration-ms="58" started-at="2017-05-08T20:31:24Z" depends-on-methods="org.b3log.solo.repository.impl.ArticleRepositoryImplTestCase.add" finished-at="2017-05-08T20:31:24Z">
        </test-method>
        <test-method status="PASS" signature="getByPermalink()" name="getByPermalink" duration-ms="0" started-at="2017-05-08T20:31:24Z" depends-on-methods="org.b3log.solo.repository.impl.ArticleRepositoryImplTestCase.add" finished-at="2017-05-08T20:31:24Z">
        </test-method>
        <test-method status="PASS" signature="getMostCommentArticles()" name="getMostCommentArticles" duration-ms="57" started-at="2017-05-08T20:31:24Z" depends-on-methods="org.b3log.solo.repository.impl.ArticleRepositoryImplTestCase.add, org.b3log.solo.repository.impl.ArticleRepositoryImplTestCase.previousAndNext" finished-at="2017-05-08T20:31:24Z">
        </test-method>
        <test-method status="PASS" signature="getMostViewCountArticles()" name="getMostViewCountArticles" duration-ms="53" started-at="2017-05-08T20:31:24Z" depends-on-methods="org.b3log.solo.repository.impl.ArticleRepositoryImplTestCase.add, org.b3log.solo.repository.impl.ArticleRepositoryImplTestCase.previousAndNext, org.b3log.solo.repository.impl.ArticleRepositoryImplTestCase.getMostCommentArticles" finished-at="2017-05-08T20:31:24Z">
        </test-method>
        <test-method status="PASS" signature="getRandomly()" name="getRandomly" duration-ms="1" started-at="2017-05-08T20:31:24Z" depends-on-methods="org.b3log.solo.repository.impl.ArticleRepositoryImplTestCase.add, org.b3log.solo.repository.impl.ArticleRepositoryImplTestCase.getMostViewCountArticles, org.b3log.solo.repository.impl.ArticleRepositoryImplTestCase.previousAndNext, org.b3log.solo.repository.impl.ArticleRepositoryImplTestCase.getMostCommentArticles" finished-at="2017-05-08T20:31:24Z">
        </test-method>
        <test-method status="PASS" signature="getRecentArticles()" name="getRecentArticles" duration-ms="1" started-at="2017-05-08T20:31:24Z" depends-on-methods="org.b3log.solo.repository.impl.ArticleRepositoryImplTestCase.add, org.b3log.solo.repository.impl.ArticleRepositoryImplTestCase.getMostViewCountArticles, org.b3log.solo.repository.impl.ArticleRepositoryImplTestCase.previousAndNext, org.b3log.solo.repository.impl.ArticleRepositoryImplTestCase.getMostCommentArticles" finished-at="2017-05-08T20:31:24Z">
        </test-method>
        <test-method status="PASS" signature="isPublished()" name="isPublished" duration-ms="1" started-at="2017-05-08T20:31:24Z" depends-on-methods="org.b3log.solo.repository.impl.ArticleRepositoryImplTestCase.add, org.b3log.solo.repository.impl.ArticleRepositoryImplTestCase.getMostViewCountArticles" finished-at="2017-05-08T20:31:24Z">
        </test-method>
      </class>
      <class name="org.b3log.solo.repository.impl.CommentRepositoryImplTestCase">
        <test-method status="PASS" signature="beforeClass()" name="beforeClass" is-config="true" duration-ms="20" started-at="2017-05-08T20:31:24Z" finished-at="2017-05-08T20:31:24Z">
        </test-method>
        <test-method status="PASS" signature="add()" name="add" duration-ms="54" started-at="2017-05-08T20:31:24Z" finished-at="2017-05-08T20:31:24Z">
        </test-method>
      </class>
      <class name="org.b3log.solo.repository.impl.UserRepositoryImplTestCase">
        <test-method status="PASS" signature="beforeClass()" name="beforeClass" is-config="true" duration-ms="21" started-at="2017-05-08T20:31:25Z" finished-at="2017-05-08T20:31:25Z">
        </test-method>
        <test-method status="PASS" signature="test()" name="test" duration-ms="111" started-at="2017-05-08T20:31:25Z" finished-at="2017-05-08T20:31:25Z">
        </test-method>
      </class>
      <class name="org.b3log.solo.repository.impl.ArchiveDateRepositoryImplTestCase">
        <test-method status="PASS" signature="beforeClass()" name="beforeClass" is-config="true" duration-ms="33" started-at="2017-05-08T20:31:23Z" finished-at="2017-05-08T20:31:23Z">
        </test-method>
        <test-method status="PASS" signature="add()" name="add" duration-ms="55" started-at="2017-05-08T20:31:23Z" finished-at="2017-05-08T20:31:23Z">
        </test-method>
        <test-method status="PASS" signature="getByArchiveDate()" name="getByArchiveDate" duration-ms="1" started-at="2017-05-08T20:31:23Z" depends-on-methods="org.b3log.solo.repository.impl.ArchiveDateRepositoryImplTestCase.add" finished-at="2017-05-08T20:31:23Z">
        </test-method>
      </class>
      <class name="org.b3log.solo.repository.impl.StatisticRepositoryImplTestCase">
        <test-method status="PASS" signature="beforeClass()" name="beforeClass" is-config="true" duration-ms="19" started-at="2017-05-08T20:31:25Z" finished-at="2017-05-08T20:31:25Z">
        </test-method>
        <test-method status="PASS" signature="test()" name="test" duration-ms="0" started-at="2017-05-08T20:31:25Z" finished-at="2017-05-08T20:31:25Z">
        </test-method>
      </class>
      <class name="org.b3log.solo.repository.impl.OptionRepositoryImplTestCase">
        <test-method status="PASS" signature="beforeClass()" name="beforeClass" is-config="true" duration-ms="20" started-at="2017-05-08T20:31:25Z" finished-at="2017-05-08T20:31:25Z">
        </test-method>
        <test-method status="PASS" signature="test()" name="test" duration-ms="1" started-at="2017-05-08T20:31:25Z" finished-at="2017-05-08T20:31:25Z">
        </test-method>
      </class>
      <class name="org.b3log.solo.repository.impl.CategoryRepositoryImplTestCase">
        <test-method status="PASS" signature="beforeClass()" name="beforeClass" is-config="true" duration-ms="21" started-at="2017-05-08T20:31:24Z" finished-at="2017-05-08T20:31:24Z">
        </test-method>
        <test-method status="PASS" signature="test()" name="test" duration-ms="165" started-at="2017-05-08T20:31:24Z" finished-at="2017-05-08T20:31:24Z">
        </test-method>
      </class>
    </test>
  </suite>
  <suite name="Surefire suite" duration-ms="1743" started-at="2017-05-08T20:31:11Z" finished-at="2017-05-08T20:31:13Z">
    <groups>
    </groups>
    <test name="Surefire test" duration-ms="1743" started-at="2017-05-08T20:31:11Z" finished-at="2017-05-08T20:31:13Z">
      <class name="org.b3log.solo.util.MarkdownsTestCase">
        <test-method status="PASS" signature="toHTML()" name="toHTML" duration-ms="300" started-at="2017-05-08T20:31:13Z" finished-at="2017-05-08T20:31:13Z">
        </test-method>
      </class>
      <class name="org.b3log.solo.service.ArchiveDateQueryServiceTestCase">
        <test-method status="PASS" signature="beforeClass()" name="beforeClass" is-config="true" duration-ms="753" started-at="2017-05-08T20:31:11Z" finished-at="2017-05-08T20:31:12Z">
        </test-method>
        <test-method status="PASS" signature="init()" name="init" duration-ms="675" started-at="2017-05-08T20:31:12Z" finished-at="2017-05-08T20:31:13Z">
        </test-method>
        <test-method status="PASS" signature="getArchiveDates()" name="getArchiveDates" duration-ms="4" started-at="2017-05-08T20:31:13Z" depends-on-methods="org.b3log.solo.service.ArchiveDateQueryServiceTestCase.init" finished-at="2017-05-08T20:31:13Z">
        </test-method>
        <test-method status="PASS" signature="getByArchiveDateString()" name="getByArchiveDateString" duration-ms="2" started-at="2017-05-08T20:31:13Z" depends-on-methods="org.b3log.solo.service.ArchiveDateQueryServiceTestCase.init" finished-at="2017-05-08T20:31:13Z">
        </test-method>
      </class>
      <class name="org.b3log.solo.service.PermalinkQueryServiceTestCase">
        <test-method status="PASS" signature="matchDefaultPagePermalinkFormat()" name="matchDefaultPagePermalinkFormat" duration-ms="1" started-at="2017-05-08T20:31:13Z" finished-at="2017-05-08T20:31:13Z">
        </test-method>
        <test-method status="PASS" signature="matchDefaultArticlePermalinkFormat()" name="matchDefaultArticlePermalinkFormat" duration-ms="0" started-at="2017-05-08T20:31:13Z" finished-at="2017-05-08T20:31:13Z">
        </test-method>
      </class>
      <class name="org.b3log.solo.util.ThumbnailsTestCase">
        <test-method status="PASS" signature="getGravatarURL()" name="getGravatarURL" duration-ms="0" started-at="2017-05-08T20:31:13Z" finished-at="2017-05-08T20:31:13Z">
        </test-method>
      </class>
    </test>
  </suite>
  <suite name="api" duration-ms="793" started-at="2017-05-08T20:31:23Z" finished-at="2017-05-08T20:31:23Z">
    <groups>
    </groups>
    <test name="Surefire test" duration-ms="793" started-at="2017-05-08T20:31:23Z" finished-at="2017-05-08T20:31:23Z">
      <class name="org.b3log.solo.processor.MetaWeblogAPITestCase">
        <test-method status="PASS" signature="beforeClass()" name="beforeClass" is-config="true" duration-ms="22" started-at="2017-05-08T20:31:23Z" finished-at="2017-05-08T20:31:23Z">
        </test-method>
        <test-method status="PASS" signature="init()" name="init" duration-ms="495" started-at="2017-05-08T20:31:23Z" finished-at="2017-05-08T20:31:23Z">
        </test-method>
        <test-method status="PASS" signature="metaWeblog()" name="metaWeblog" duration-ms="275" started-at="2017-05-08T20:31:23Z" depends-on-methods="org.b3log.solo.processor.MetaWeblogAPITestCase.init" finished-at="2017-05-08T20:31:23Z">
        </test-method>
      </class>
    </test>
  </suite>
</testng-results>
