<?xml version="1.0" encoding="UTF-8"?>
<testsuite hostname="bogon" name="org.b3log.solo.repository.impl.ArchiveDateArticleRepositoryImplTestCase" tests="32" failures="0" timestamp="8 May 2017 12:31:25 GMT" time="1.513" errors="0">
  <testcase name="add" time="0.051" classname="org.b3log.solo.repository.impl.ArchiveDateArticleRepositoryImplTestCase"/>
  <testcase name="getByArchiveDateId" time="0.0" classname="org.b3log.solo.repository.impl.ArchiveDateArticleRepositoryImplTestCase"/>
  <testcase name="getByArticleId" time="0.0" classname="org.b3log.solo.repository.impl.ArchiveDateArticleRepositoryImplTestCase"/>
  <testcase name="add" time="0.055" classname="org.b3log.solo.repository.impl.ArchiveDateRepositoryImplTestCase"/>
  <testcase name="getByArchiveDate" time="0.001" classname="org.b3log.solo.repository.impl.ArchiveDateRepositoryImplTestCase"/>
  <testcase name="add" time="0.055" classname="org.b3log.solo.repository.impl.ArticleRepositoryImplTestCase"/>
  <testcase name="getByPermalink" time="0.0" classname="org.b3log.solo.repository.impl.ArticleRepositoryImplTestCase"/>
  <testcase name="previousAndNext" time="0.058" classname="org.b3log.solo.repository.impl.ArticleRepositoryImplTestCase"/>
  <testcase name="getMostCommentArticles" time="0.057" classname="org.b3log.solo.repository.impl.ArticleRepositoryImplTestCase"/>
  <testcase name="getMostViewCountArticles" time="0.053" classname="org.b3log.solo.repository.impl.ArticleRepositoryImplTestCase"/>
  <testcase name="getRandomly" time="0.001" classname="org.b3log.solo.repository.impl.ArticleRepositoryImplTestCase"/>
  <testcase name="getRecentArticles" time="0.001" classname="org.b3log.solo.repository.impl.ArticleRepositoryImplTestCase"/>
  <testcase name="isPublished" time="0.001" classname="org.b3log.solo.repository.impl.ArticleRepositoryImplTestCase"/>
  <testcase name="add" time="0.056" classname="org.b3log.solo.repository.impl.PageRepositoryImplTestCase"/>
  <testcase name="getByPermalink" time="0.0" classname="org.b3log.solo.repository.impl.PageRepositoryImplTestCase"/>
  <testcase name="getMaxOrder" time="0.054" classname="org.b3log.solo.repository.impl.PageRepositoryImplTestCase"/>
  <testcase name="getByOrder" time="0.001" classname="org.b3log.solo.repository.impl.PageRepositoryImplTestCase"/>
  <testcase name="getUnderAndUpper" time="0.056" classname="org.b3log.solo.repository.impl.PageRepositoryImplTestCase"/>
  <testcase name="add" time="0.052" classname="org.b3log.solo.repository.impl.TagArticleRepositoryImplTestCase"/>
  <testcase name="getByArticleId" time="0.001" classname="org.b3log.solo.repository.impl.TagArticleRepositoryImplTestCase"/>
  <testcase name="getByTagId" time="0.0" classname="org.b3log.solo.repository.impl.TagArticleRepositoryImplTestCase"/>
  <testcase name="add" time="0.054" classname="org.b3log.solo.repository.impl.TagRepositoryImplTestCase"/>
  <testcase name="getByArticleId" time="0.053" classname="org.b3log.solo.repository.impl.TagRepositoryImplTestCase"/>
  <testcase name="getByTitle" time="0.0" classname="org.b3log.solo.repository.impl.TagRepositoryImplTestCase"/>
  <testcase name="getMostUsedTags" time="0.053" classname="org.b3log.solo.repository.impl.TagRepositoryImplTestCase"/>
  <testcase name="test" time="0.165" classname="org.b3log.solo.repository.impl.CategoryRepositoryImplTestCase"/>
  <testcase name="add" time="0.054" classname="org.b3log.solo.repository.impl.CommentRepositoryImplTestCase"/>
  <testcase name="test" time="0.159" classname="org.b3log.solo.repository.impl.LinkRepositoryImplTestCase"/>
  <testcase name="test" time="0.001" classname="org.b3log.solo.repository.impl.OptionRepositoryImplTestCase"/>
  <testcase name="test" time="0.0" classname="org.b3log.solo.repository.impl.PluginRepositoryImplTestCase"/>
  <testcase name="test" time="0.0" classname="org.b3log.solo.repository.impl.StatisticRepositoryImplTestCase"/>
  <testcase name="test" time="0.111" classname="org.b3log.solo.repository.impl.UserRepositoryImplTestCase"/>
</testsuite>
